<?xml version="1.0" encoding="UTF-8"?>
<!-- Generated by org.testng.reporters.JUnitXMLReporter -->
<testsuite ignored="0" hostname="beeafcabeefcebbdecffdbebeccaae-0" failures="0" tests="3" name="Surefire test" time="22.531" errors="0" timestamp="2023-09-15T07:48:28 UTC">
  <testcase classname="runner.Testcase1" name="Register" time="6.9"/>
  <testcase classname="runner.Testcase1" name="Valid_Login_TC" time="2.332"/>
  <testcase classname="runner.Testcase1" name="TC_Vote_003" time="2.704"/>
</testsuite> <!-- Surefire test -->
