<?xml version="1.0" encoding="UTF-8"?>
<testng-results ignored="0" total="3" passed="3" failed="0" skipped="0">
  <reporter-output>
  </reporter-output>
  <suite started-at="2023-09-15T07:48:06 UTC" name="Surefire suite" finished-at="2023-09-15T07:48:28 UTC" duration-ms="22531">
    <groups>
    </groups>
    <test started-at="2023-09-15T07:48:06 UTC" name="Surefire test" finished-at="2023-09-15T07:48:28 UTC" duration-ms="22531">
      <class name="runner.Testcase1">
        <test-method is-config="true" signature="beforeMethod()[pri:0, instance:runner.Testcase1@7526515b]" started-at="2023-09-15T07:48:06 UTC" name="beforeMethod" finished-at="2023-09-15T07:48:10 UTC" duration-ms="4104" status="PASS">
          <reporter-output>
          </reporter-output>
        </test-method> <!-- beforeMethod -->
        <test-method signature="Register()[pri:1, instance:runner.Testcase1@7526515b]" started-at="2023-09-15T07:48:10 UTC" name="Register" finished-at="2023-09-15T07:48:17 UTC" duration-ms="6900" status="PASS">
          <reporter-output>
          </reporter-output>
        </test-method> <!-- Register -->
        <test-method is-config="true" signature="afterMethod()[pri:0, instance:runner.Testcase1@7526515b]" started-at="2023-09-15T07:48:17 UTC" name="afterMethod" finished-at="2023-09-15T07:48:17 UTC" duration-ms="403" status="PASS">
          <reporter-output>
          </reporter-output>
        </test-method> <!-- afterMethod -->
        <test-method is-config="true" signature="beforeMethod()[pri:0, instance:runner.Testcase1@7526515b]" started-at="2023-09-15T07:48:18 UTC" name="beforeMethod" finished-at="2023-09-15T07:48:20 UTC" duration-ms="2569" status="PASS">
          <reporter-output>
          </reporter-output>
        </test-method> <!-- beforeMethod -->
        <test-method signature="Valid_Login_TC(java.lang.String,java.lang.String)[pri:2, instance:runner.Testcase1@7526515b]" started-at="2023-09-15T07:48:20 UTC" name="Valid_Login_TC" data-provider="testData" finished-at="2023-09-15T07:48:23 UTC" duration-ms="2332" status="PASS">
          <params>
            <param index="0">
              <value>
                <![CDATA[test@demo.com]]>
              </value>
            </param>
            <param index="1">
              <value>
                <![CDATA[Test123$]]>
              </value>
            </param>
          </params>
          <reporter-output>
          </reporter-output>
        </test-method> <!-- Valid_Login_TC -->
        <test-method is-config="true" signature="afterMethod()[pri:0, instance:runner.Testcase1@7526515b]" started-at="2023-09-15T07:48:23 UTC" name="afterMethod" finished-at="2023-09-15T07:48:23 UTC" duration-ms="121" status="PASS">
          <reporter-output>
          </reporter-output>
        </test-method> <!-- afterMethod -->
        <test-method is-config="true" signature="beforeMethod()[pri:0, instance:runner.Testcase1@7526515b]" started-at="2023-09-15T07:48:23 UTC" name="beforeMethod" finished-at="2023-09-15T07:48:25 UTC" duration-ms="2608" status="PASS">
          <reporter-output>
          </reporter-output>
        </test-method> <!-- beforeMethod -->
        <test-method signature="TC_Vote_003()[pri:3, instance:runner.Testcase1@7526515b]" started-at="2023-09-15T07:48:25 UTC" name="TC_Vote_003" finished-at="2023-09-15T07:48:28 UTC" duration-ms="2704" status="PASS">
          <reporter-output>
          </reporter-output>
        </test-method> <!-- TC_Vote_003 -->
        <test-method is-config="true" signature="afterMethod()[pri:0, instance:runner.Testcase1@7526515b]" started-at="2023-09-15T07:48:28 UTC" name="afterMethod" finished-at="2023-09-15T07:48:28 UTC" duration-ms="132" status="PASS">
          <reporter-output>
          </reporter-output>
        </test-method> <!-- afterMethod -->
      </class> <!-- runner.Testcase1 -->
    </test> <!-- Surefire test -->
  </suite> <!-- Surefire suite -->
</testng-results>
